[2019-10-30 09:56:08]-[main-DEBUG]-[com.mizholdings.util.Requests-getJson(29)]: URL: http://develop.kacha.xin/auth/login/kcsj
[2019-10-30 09:56:08]-[main-DEBUG]-[com.mizholdings.util.Requests-getJson(30)]: Method: POST
[2019-10-30 09:56:08]-[main-DEBUG]-[com.mizholdings.util.Requests-getJson(32)]: Request Body: account=17857066666&password=654321
[2019-10-30 09:56:08]-[main-DEBUG]-[com.mizholdings.util.Requests-getJson(40)]: Response: Response{protocol=http/1.1, code=200, message=OK, url=http://develop.kacha.xin/auth/login/kcsj}
[2019-10-30 09:56:08]-[main-DEBUG]-[com.mizholdings.util.Requests-getJson(42)]: Json: {"result":0,"msg":"登入成功！","data":{"nickname":"迅路中学超级管理员","serverTime":0,"id":3658157116868608,"userType":0,"userName":"迅路中学超级管理员","token":"eyJhbGciOiJIUzI1NiJ9.eyJ1aWQiOiIzNjU4MTU3MTE2ODY4NjA4IiwicHJvamVjdCI6Imtjc2oifQ.qLJzb86C0QkXA3YwrOXKp5SbpVA9NJl_cDNXksV4X2g"}}
[2019-10-30 09:56:08]-[main- INFO]-[com.mizholdings.util.Funcs-javabeanToMap(34)]: JavaBean to Map: {area=E, province=E, city=E, managerPhones=, schoolName=bbb, managerNames=}
[2019-10-30 09:56:08]-[main-DEBUG]-[com.mizholdings.util.Requests-getJson(29)]: URL: http://develop.kacha.xin/school/manage/create
[2019-10-30 09:56:08]-[main-DEBUG]-[com.mizholdings.util.Requests-getJson(30)]: Method: POST
[2019-10-30 09:56:08]-[main-DEBUG]-[com.mizholdings.util.Requests-getJson(32)]: Request Body: area=E&province=E&city=E&managerPhones=&schoolName=bbb&managerNames=
[2019-10-30 09:56:08]-[main-DEBUG]-[com.mizholdings.util.Requests-getJson(40)]: Response: Response{protocol=http/1.1, code=200, message=OK, url=http://develop.kacha.xin/school/manage/create}
[2019-10-30 09:56:08]-[main-DEBUG]-[com.mizholdings.util.Requests-getJson(42)]: Json: {"result":0,"msg":"查询成功","data":{"area":"E","province":"E","city":"E","createTime":"2019-10-30 01:56:09","schoolId":8680,"name":"bbb"}}
[2019-10-30 09:56:08]-[main- INFO]-[com.mizholdings.util.Funcs-javabeanToMap(34)]: JavaBean to Map: {area=E, province=E, city=E, schoolId=8680, managerPhones=, schoolName=ospd, managerNames=}
[2019-10-30 09:56:08]-[main-DEBUG]-[com.mizholdings.util.Requests-getJson(29)]: URL: http://develop.kacha.xin/school/manage/update
[2019-10-30 09:56:08]-[main-DEBUG]-[com.mizholdings.util.Requests-getJson(30)]: Method: POST
[2019-10-30 09:56:08]-[main-DEBUG]-[com.mizholdings.util.Requests-getJson(32)]: Request Body: area=E&province=E&city=E&schoolId=8680&managerPhones=&schoolName=ospd&managerNames=
[2019-10-30 09:56:08]-[main-DEBUG]-[com.mizholdings.util.Requests-getJson(40)]: Response: Response{protocol=http/1.1, code=200, message=OK, url=http://develop.kacha.xin/school/manage/update}
[2019-10-30 09:56:08]-[main-DEBUG]-[com.mizholdings.util.Requests-getJson(42)]: Json: {"result":0,"msg":"查询成功"}
[2019-10-30 09:56:08]-[main-DEBUG]-[com.mizholdings.util.Requests-getJson(29)]: URL: http://develop.kacha.xin/school/manage/delete
[2019-10-30 09:56:08]-[main-DEBUG]-[com.mizholdings.util.Requests-getJson(30)]: Method: POST
[2019-10-30 09:56:08]-[main-DEBUG]-[com.mizholdings.util.Requests-getJson(32)]: Request Body: schoolId=8680
[2019-10-30 09:56:08]-[main-DEBUG]-[com.mizholdings.util.Requests-getJson(40)]: Response: Response{protocol=http/1.1, code=200, message=OK, url=http://develop.kacha.xin/school/manage/delete}
[2019-10-30 09:56:08]-[main-DEBUG]-[com.mizholdings.util.Requests-getJson(42)]: Json: {"result":0,"msg":"查询成功"}
[2019-10-30 09:56:08]-[main-DEBUG]-[freemarker.log._Log4jLoggerFactory$Log4jLogger-debug(45)]: Couldn't find template in cache for "index.ftl"("en", UTF-8, parsed); will try to load it.
[2019-10-30 09:56:08]-[main-DEBUG]-[freemarker.log._Log4jLoggerFactory$Log4jLogger-debug(45)]: TemplateLoader.findTemplateSource("index_en.ftl"): Not found
[2019-10-30 09:56:08]-[main-DEBUG]-[freemarker.log._Log4jLoggerFactory$Log4jLogger-debug(45)]: TemplateLoader.findTemplateSource("index.ftl"): Found
[2019-10-30 09:56:08]-[main-DEBUG]-[freemarker.log._Log4jLoggerFactory$Log4jLogger-debug(45)]: Loading template for "index.ftl"("en", UTF-8, parsed) from "jar:file:/C:/Users/yjq/.m2/repository/com/aventstack/extentreports/3.1.5/extentreports-3.1.5.jar!/com/aventstack/extentreports/view/html-report/index.ftl"
[2019-10-30 09:56:08]-[main-DEBUG]-[freemarker.log._Log4jLoggerFactory$Log4jLogger-debug(45)]: Couldn't find template in cache for "head.ftl"("en", UTF-8, parsed); will try to load it.
[2019-10-30 09:56:08]-[main-DEBUG]-[freemarker.log._Log4jLoggerFactory$Log4jLogger-debug(45)]: TemplateLoader.findTemplateSource("head_en.ftl"): Not found
[2019-10-30 09:56:08]-[main-DEBUG]-[freemarker.log._Log4jLoggerFactory$Log4jLogger-debug(45)]: TemplateLoader.findTemplateSource("head.ftl"): Found
[2019-10-30 09:56:08]-[main-DEBUG]-[freemarker.log._Log4jLoggerFactory$Log4jLogger-debug(45)]: Loading template for "head.ftl"("en", UTF-8, parsed) from "jar:file:/C:/Users/yjq/.m2/repository/com/aventstack/extentreports/3.1.5/extentreports-3.1.5.jar!/com/aventstack/extentreports/view/html-report/head.ftl"
[2019-10-30 09:56:08]-[main-DEBUG]-[freemarker.log._Log4jLoggerFactory$Log4jLogger-debug(45)]: Couldn't find template in cache for "nav.ftl"("en", UTF-8, parsed); will try to load it.
[2019-10-30 09:56:08]-[main-DEBUG]-[freemarker.log._Log4jLoggerFactory$Log4jLogger-debug(45)]: TemplateLoader.findTemplateSource("nav_en.ftl"): Not found
[2019-10-30 09:56:08]-[main-DEBUG]-[freemarker.log._Log4jLoggerFactory$Log4jLogger-debug(45)]: TemplateLoader.findTemplateSource("nav.ftl"): Found
[2019-10-30 09:56:08]-[main-DEBUG]-[freemarker.log._Log4jLoggerFactory$Log4jLogger-debug(45)]: Loading template for "nav.ftl"("en", UTF-8, parsed) from "jar:file:/C:/Users/yjq/.m2/repository/com/aventstack/extentreports/3.1.5/extentreports-3.1.5.jar!/com/aventstack/extentreports/view/html-report/nav.ftl"
[2019-10-30 09:56:08]-[main-DEBUG]-[freemarker.log._Log4jLoggerFactory$Log4jLogger-debug(45)]: Couldn't find template in cache for "test-view/test-view.ftl"("en", UTF-8, parsed); will try to load it.
[2019-10-30 09:56:08]-[main-DEBUG]-[freemarker.log._Log4jLoggerFactory$Log4jLogger-debug(45)]: TemplateLoader.findTemplateSource("test-view/test-view_en.ftl"): Not found
[2019-10-30 09:56:08]-[main-DEBUG]-[freemarker.log._Log4jLoggerFactory$Log4jLogger-debug(45)]: TemplateLoader.findTemplateSource("test-view/test-view.ftl"): Found
[2019-10-30 09:56:08]-[main-DEBUG]-[freemarker.log._Log4jLoggerFactory$Log4jLogger-debug(45)]: Loading template for "test-view/test-view.ftl"("en", UTF-8, parsed) from "jar:file:/C:/Users/yjq/.m2/repository/com/aventstack/extentreports/3.1.5/extentreports-3.1.5.jar!/com/aventstack/extentreports/view/html-report/test-view/test-view.ftl"
[2019-10-30 09:56:08]-[main-DEBUG]-[freemarker.log._Log4jLoggerFactory$Log4jLogger-debug(45)]: Couldn't find template in cache for "test-view/test-view-charts.ftl"("en", UTF-8, parsed); will try to load it.
[2019-10-30 09:56:08]-[main-DEBUG]-[freemarker.log._Log4jLoggerFactory$Log4jLogger-debug(45)]: TemplateLoader.findTemplateSource("test-view/test-view-charts_en.ftl"): Not found
[2019-10-30 09:56:08]-[main-DEBUG]-[freemarker.log._Log4jLoggerFactory$Log4jLogger-debug(45)]: TemplateLoader.findTemplateSource("test-view/test-view-charts.ftl"): Found
[2019-10-30 09:56:08]-[main-DEBUG]-[freemarker.log._Log4jLoggerFactory$Log4jLogger-debug(45)]: Loading template for "test-view/test-view-charts.ftl"("en", UTF-8, parsed) from "jar:file:/C:/Users/yjq/.m2/repository/com/aventstack/extentreports/3.1.5/extentreports-3.1.5.jar!/com/aventstack/extentreports/view/html-report/test-view/test-view-charts.ftl"
[2019-10-30 09:56:08]-[main-DEBUG]-[freemarker.log._Log4jLoggerFactory$Log4jLogger-debug(45)]: Couldn't find template in cache for "test-view/standard.ftl"("en", UTF-8, parsed); will try to load it.
[2019-10-30 09:56:08]-[main-DEBUG]-[freemarker.log._Log4jLoggerFactory$Log4jLogger-debug(45)]: TemplateLoader.findTemplateSource("test-view/standard_en.ftl"): Not found
[2019-10-30 09:56:08]-[main-DEBUG]-[freemarker.log._Log4jLoggerFactory$Log4jLogger-debug(45)]: TemplateLoader.findTemplateSource("test-view/standard.ftl"): Found
[2019-10-30 09:56:08]-[main-DEBUG]-[freemarker.log._Log4jLoggerFactory$Log4jLogger-debug(45)]: Loading template for "test-view/standard.ftl"("en", UTF-8, parsed) from "jar:file:/C:/Users/yjq/.m2/repository/com/aventstack/extentreports/3.1.5/extentreports-3.1.5.jar!/com/aventstack/extentreports/view/html-report/test-view/standard.ftl"
[2019-10-30 09:56:09]-[main-DEBUG]-[freemarker.log._Log4jLoggerFactory$Log4jLogger-debug(45)]: Couldn't find template in cache for "category-view/category-view.ftl"("en", UTF-8, parsed); will try to load it.
[2019-10-30 09:56:09]-[main-DEBUG]-[freemarker.log._Log4jLoggerFactory$Log4jLogger-debug(45)]: TemplateLoader.findTemplateSource("category-view/category-view_en.ftl"): Not found
[2019-10-30 09:56:09]-[main-DEBUG]-[freemarker.log._Log4jLoggerFactory$Log4jLogger-debug(45)]: TemplateLoader.findTemplateSource("category-view/category-view.ftl"): Found
[2019-10-30 09:56:09]-[main-DEBUG]-[freemarker.log._Log4jLoggerFactory$Log4jLogger-debug(45)]: Loading template for "category-view/category-view.ftl"("en", UTF-8, parsed) from "jar:file:/C:/Users/yjq/.m2/repository/com/aventstack/extentreports/3.1.5/extentreports-3.1.5.jar!/com/aventstack/extentreports/view/html-report/category-view/category-view.ftl"
[2019-10-30 09:56:09]-[main-DEBUG]-[freemarker.log._Log4jLoggerFactory$Log4jLogger-debug(45)]: Couldn't find template in cache for "author-view/author-view.ftl"("en", UTF-8, parsed); will try to load it.
[2019-10-30 09:56:09]-[main-DEBUG]-[freemarker.log._Log4jLoggerFactory$Log4jLogger-debug(45)]: TemplateLoader.findTemplateSource("author-view/author-view_en.ftl"): Not found
[2019-10-30 09:56:09]-[main-DEBUG]-[freemarker.log._Log4jLoggerFactory$Log4jLogger-debug(45)]: TemplateLoader.findTemplateSource("author-view/author-view.ftl"): Found
[2019-10-30 09:56:09]-[main-DEBUG]-[freemarker.log._Log4jLoggerFactory$Log4jLogger-debug(45)]: Loading template for "author-view/author-view.ftl"("en", UTF-8, parsed) from "jar:file:/C:/Users/yjq/.m2/repository/com/aventstack/extentreports/3.1.5/extentreports-3.1.5.jar!/com/aventstack/extentreports/view/html-report/author-view/author-view.ftl"
[2019-10-30 09:56:09]-[main-DEBUG]-[freemarker.log._Log4jLoggerFactory$Log4jLogger-debug(45)]: Couldn't find template in cache for "exception-view/exception-view.ftl"("en", UTF-8, parsed); will try to load it.
[2019-10-30 09:56:09]-[main-DEBUG]-[freemarker.log._Log4jLoggerFactory$Log4jLogger-debug(45)]: TemplateLoader.findTemplateSource("exception-view/exception-view_en.ftl"): Not found
[2019-10-30 09:56:09]-[main-DEBUG]-[freemarker.log._Log4jLoggerFactory$Log4jLogger-debug(45)]: TemplateLoader.findTemplateSource("exception-view/exception-view.ftl"): Found
[2019-10-30 09:56:09]-[main-DEBUG]-[freemarker.log._Log4jLoggerFactory$Log4jLogger-debug(45)]: Loading template for "exception-view/exception-view.ftl"("en", UTF-8, parsed) from "jar:file:/C:/Users/yjq/.m2/repository/com/aventstack/extentreports/3.1.5/extentreports-3.1.5.jar!/com/aventstack/extentreports/view/html-report/exception-view/exception-view.ftl"
[2019-10-30 09:56:09]-[main-DEBUG]-[freemarker.log._Log4jLoggerFactory$Log4jLogger-debug(45)]: Couldn't find template in cache for "dashboard-view/dashboard-view.ftl"("en", UTF-8, parsed); will try to load it.
[2019-10-30 09:56:09]-[main-DEBUG]-[freemarker.log._Log4jLoggerFactory$Log4jLogger-debug(45)]: TemplateLoader.findTemplateSource("dashboard-view/dashboard-view_en.ftl"): Not found
[2019-10-30 09:56:09]-[main-DEBUG]-[freemarker.log._Log4jLoggerFactory$Log4jLogger-debug(45)]: TemplateLoader.findTemplateSource("dashboard-view/dashboard-view.ftl"): Found
[2019-10-30 09:56:09]-[main-DEBUG]-[freemarker.log._Log4jLoggerFactory$Log4jLogger-debug(45)]: Loading template for "dashboard-view/dashboard-view.ftl"("en", UTF-8, parsed) from "jar:file:/C:/Users/yjq/.m2/repository/com/aventstack/extentreports/3.1.5/extentreports-3.1.5.jar!/com/aventstack/extentreports/view/html-report/dashboard-view/dashboard-view.ftl"
[2019-10-30 09:56:09]-[main-DEBUG]-[freemarker.log._Log4jLoggerFactory$Log4jLogger-debug(45)]: Couldn't find template in cache for "logs-view/testrunner-logs-view.ftl"("en", UTF-8, parsed); will try to load it.
[2019-10-30 09:56:09]-[main-DEBUG]-[freemarker.log._Log4jLoggerFactory$Log4jLogger-debug(45)]: TemplateLoader.findTemplateSource("logs-view/testrunner-logs-view_en.ftl"): Not found
[2019-10-30 09:56:09]-[main-DEBUG]-[freemarker.log._Log4jLoggerFactory$Log4jLogger-debug(45)]: TemplateLoader.findTemplateSource("logs-view/testrunner-logs-view.ftl"): Found
[2019-10-30 09:56:09]-[main-DEBUG]-[freemarker.log._Log4jLoggerFactory$Log4jLogger-debug(45)]: Loading template for "logs-view/testrunner-logs-view.ftl"("en", UTF-8, parsed) from "jar:file:/C:/Users/yjq/.m2/repository/com/aventstack/extentreports/3.1.5/extentreports-3.1.5.jar!/com/aventstack/extentreports/view/html-report/logs-view/testrunner-logs-view.ftl"
[2019-10-30 10:03:46]-[main-DEBUG]-[com.mizholdings.util.Requests-getJson(29)]: URL: http://develop.kacha.xin/auth/login/kcsj
[2019-10-30 10:03:46]-[main-DEBUG]-[com.mizholdings.util.Requests-getJson(30)]: Method: POST
[2019-10-30 10:03:46]-[main-DEBUG]-[com.mizholdings.util.Requests-getJson(32)]: Request Body: account=17857066666&password=654321
[2019-10-30 10:03:46]-[main-DEBUG]-[com.mizholdings.util.Requests-getJson(40)]: Response: Response{protocol=http/1.1, code=200, message=OK, url=http://develop.kacha.xin/auth/login/kcsj}
[2019-10-30 10:03:46]-[main-DEBUG]-[com.mizholdings.util.Requests-getJson(42)]: Json: {"result":0,"msg":"登入成功！","data":{"nickname":"迅路中学超级管理员","serverTime":0,"id":3658157116868608,"userType":0,"userName":"迅路中学超级管理员","token":"eyJhbGciOiJIUzI1NiJ9.eyJ1aWQiOiIzNjU4MTU3MTE2ODY4NjA4IiwicHJvamVjdCI6Imtjc2oifQ.qLJzb86C0QkXA3YwrOXKp5SbpVA9NJl_cDNXksV4X2g"}}
[2019-10-30 10:03:46]-[main- INFO]-[com.mizholdings.util.Funcs-javabeanToMap(34)]: JavaBean to Map: {area=E, province=E, city=E, managerPhones=, schoolName=bbb, managerNames=}
[2019-10-30 10:03:46]-[main-DEBUG]-[com.mizholdings.util.Requests-getJson(29)]: URL: http://develop.kacha.xin/school/manage/create
[2019-10-30 10:03:46]-[main-DEBUG]-[com.mizholdings.util.Requests-getJson(30)]: Method: POST
[2019-10-30 10:03:46]-[main-DEBUG]-[com.mizholdings.util.Requests-getJson(32)]: Request Body: area=E&province=E&city=E&managerPhones=&schoolName=bbb&managerNames=
[2019-10-30 10:03:46]-[main-DEBUG]-[com.mizholdings.util.Requests-getJson(40)]: Response: Response{protocol=http/1.1, code=200, message=OK, url=http://develop.kacha.xin/school/manage/create}
[2019-10-30 10:03:46]-[main-DEBUG]-[com.mizholdings.util.Requests-getJson(42)]: Json: {"result":0,"msg":"查询成功","data":{"area":"E","province":"E","city":"E","createTime":"2019-10-30 02:03:47","schoolId":8682,"name":"bbb"}}
[2019-10-30 10:03:46]-[main- INFO]-[com.mizholdings.util.Funcs-javabeanToMap(34)]: JavaBean to Map: {area=E, province=E, city=E, schoolId=8682, managerPhones=, schoolName=ospd, managerNames=}
[2019-10-30 10:03:46]-[main-DEBUG]-[com.mizholdings.util.Requests-getJson(29)]: URL: http://develop.kacha.xin/school/manage/update
[2019-10-30 10:03:46]-[main-DEBUG]-[com.mizholdings.util.Requests-getJson(30)]: Method: POST
[2019-10-30 10:03:46]-[main-DEBUG]-[com.mizholdings.util.Requests-getJson(32)]: Request Body: area=E&province=E&city=E&schoolId=8682&managerPhones=&schoolName=ospd&managerNames=
[2019-10-30 10:03:46]-[main-DEBUG]-[com.mizholdings.util.Requests-getJson(40)]: Response: Response{protocol=http/1.1, code=200, message=OK, url=http://develop.kacha.xin/school/manage/update}
[2019-10-30 10:03:46]-[main-DEBUG]-[com.mizholdings.util.Requests-getJson(42)]: Json: {"result":0,"msg":"查询成功"}
[2019-10-30 10:03:46]-[main-DEBUG]-[com.mizholdings.util.Requests-getJson(29)]: URL: http://develop.kacha.xin/school/manage/delete
[2019-10-30 10:03:46]-[main-DEBUG]-[com.mizholdings.util.Requests-getJson(30)]: Method: POST
[2019-10-30 10:03:46]-[main-DEBUG]-[com.mizholdings.util.Requests-getJson(32)]: Request Body: schoolId=8682
[2019-10-30 10:03:46]-[main-DEBUG]-[com.mizholdings.util.Requests-getJson(40)]: Response: Response{protocol=http/1.1, code=200, message=OK, url=http://develop.kacha.xin/school/manage/delete}
[2019-10-30 10:03:46]-[main-DEBUG]-[com.mizholdings.util.Requests-getJson(42)]: Json: {"result":0,"msg":"查询成功"}
[2019-10-30 10:03:46]-[main-DEBUG]-[freemarker.log._Log4jLoggerFactory$Log4jLogger-debug(45)]: Couldn't find template in cache for "index.ftl"("en", UTF-8, parsed); will try to load it.
[2019-10-30 10:03:46]-[main-DEBUG]-[freemarker.log._Log4jLoggerFactory$Log4jLogger-debug(45)]: TemplateLoader.findTemplateSource("index_en.ftl"): Not found
[2019-10-30 10:03:46]-[main-DEBUG]-[freemarker.log._Log4jLoggerFactory$Log4jLogger-debug(45)]: TemplateLoader.findTemplateSource("index.ftl"): Found
[2019-10-30 10:03:46]-[main-DEBUG]-[freemarker.log._Log4jLoggerFactory$Log4jLogger-debug(45)]: Loading template for "index.ftl"("en", UTF-8, parsed) from "jar:file:/C:/Users/yjq/.m2/repository/com/aventstack/extentreports/3.1.5/extentreports-3.1.5.jar!/com/aventstack/extentreports/view/html-report/index.ftl"
[2019-10-30 10:03:46]-[main-DEBUG]-[freemarker.log._Log4jLoggerFactory$Log4jLogger-debug(45)]: Couldn't find template in cache for "head.ftl"("en", UTF-8, parsed); will try to load it.
[2019-10-30 10:03:46]-[main-DEBUG]-[freemarker.log._Log4jLoggerFactory$Log4jLogger-debug(45)]: TemplateLoader.findTemplateSource("head_en.ftl"): Not found
[2019-10-30 10:03:46]-[main-DEBUG]-[freemarker.log._Log4jLoggerFactory$Log4jLogger-debug(45)]: TemplateLoader.findTemplateSource("head.ftl"): Found
[2019-10-30 10:03:46]-[main-DEBUG]-[freemarker.log._Log4jLoggerFactory$Log4jLogger-debug(45)]: Loading template for "head.ftl"("en", UTF-8, parsed) from "jar:file:/C:/Users/yjq/.m2/repository/com/aventstack/extentreports/3.1.5/extentreports-3.1.5.jar!/com/aventstack/extentreports/view/html-report/head.ftl"
[2019-10-30 10:03:46]-[main-DEBUG]-[freemarker.log._Log4jLoggerFactory$Log4jLogger-debug(45)]: Couldn't find template in cache for "nav.ftl"("en", UTF-8, parsed); will try to load it.
[2019-10-30 10:03:46]-[main-DEBUG]-[freemarker.log._Log4jLoggerFactory$Log4jLogger-debug(45)]: TemplateLoader.findTemplateSource("nav_en.ftl"): Not found
[2019-10-30 10:03:46]-[main-DEBUG]-[freemarker.log._Log4jLoggerFactory$Log4jLogger-debug(45)]: TemplateLoader.findTemplateSource("nav.ftl"): Found
[2019-10-30 10:03:46]-[main-DEBUG]-[freemarker.log._Log4jLoggerFactory$Log4jLogger-debug(45)]: Loading template for "nav.ftl"("en", UTF-8, parsed) from "jar:file:/C:/Users/yjq/.m2/repository/com/aventstack/extentreports/3.1.5/extentreports-3.1.5.jar!/com/aventstack/extentreports/view/html-report/nav.ftl"
[2019-10-30 10:03:46]-[main-DEBUG]-[freemarker.log._Log4jLoggerFactory$Log4jLogger-debug(45)]: Couldn't find template in cache for "test-view/test-view.ftl"("en", UTF-8, parsed); will try to load it.
[2019-10-30 10:03:46]-[main-DEBUG]-[freemarker.log._Log4jLoggerFactory$Log4jLogger-debug(45)]: TemplateLoader.findTemplateSource("test-view/test-view_en.ftl"): Not found
[2019-10-30 10:03:46]-[main-DEBUG]-[freemarker.log._Log4jLoggerFactory$Log4jLogger-debug(45)]: TemplateLoader.findTemplateSource("test-view/test-view.ftl"): Found
[2019-10-30 10:03:46]-[main-DEBUG]-[freemarker.log._Log4jLoggerFactory$Log4jLogger-debug(45)]: Loading template for "test-view/test-view.ftl"("en", UTF-8, parsed) from "jar:file:/C:/Users/yjq/.m2/repository/com/aventstack/extentreports/3.1.5/extentreports-3.1.5.jar!/com/aventstack/extentreports/view/html-report/test-view/test-view.ftl"
[2019-10-30 10:03:46]-[main-DEBUG]-[freemarker.log._Log4jLoggerFactory$Log4jLogger-debug(45)]: Couldn't find template in cache for "test-view/test-view-charts.ftl"("en", UTF-8, parsed); will try to load it.
[2019-10-30 10:03:46]-[main-DEBUG]-[freemarker.log._Log4jLoggerFactory$Log4jLogger-debug(45)]: TemplateLoader.findTemplateSource("test-view/test-view-charts_en.ftl"): Not found
[2019-10-30 10:03:46]-[main-DEBUG]-[freemarker.log._Log4jLoggerFactory$Log4jLogger-debug(45)]: TemplateLoader.findTemplateSource("test-view/test-view-charts.ftl"): Found
[2019-10-30 10:03:46]-[main-DEBUG]-[freemarker.log._Log4jLoggerFactory$Log4jLogger-debug(45)]: Loading template for "test-view/test-view-charts.ftl"("en", UTF-8, parsed) from "jar:file:/C:/Users/yjq/.m2/repository/com/aventstack/extentreports/3.1.5/extentreports-3.1.5.jar!/com/aventstack/extentreports/view/html-report/test-view/test-view-charts.ftl"
[2019-10-30 10:03:46]-[main-DEBUG]-[freemarker.log._Log4jLoggerFactory$Log4jLogger-debug(45)]: Couldn't find template in cache for "test-view/standard.ftl"("en", UTF-8, parsed); will try to load it.
[2019-10-30 10:03:46]-[main-DEBUG]-[freemarker.log._Log4jLoggerFactory$Log4jLogger-debug(45)]: TemplateLoader.findTemplateSource("test-view/standard_en.ftl"): Not found
[2019-10-30 10:03:46]-[main-DEBUG]-[freemarker.log._Log4jLoggerFactory$Log4jLogger-debug(45)]: TemplateLoader.findTemplateSource("test-view/standard.ftl"): Found
[2019-10-30 10:03:46]-[main-DEBUG]-[freemarker.log._Log4jLoggerFactory$Log4jLogger-debug(45)]: Loading template for "test-view/standard.ftl"("en", UTF-8, parsed) from "jar:file:/C:/Users/yjq/.m2/repository/com/aventstack/extentreports/3.1.5/extentreports-3.1.5.jar!/com/aventstack/extentreports/view/html-report/test-view/standard.ftl"
[2019-10-30 10:03:46]-[main-DEBUG]-[freemarker.log._Log4jLoggerFactory$Log4jLogger-debug(45)]: Couldn't find template in cache for "category-view/category-view.ftl"("en", UTF-8, parsed); will try to load it.
[2019-10-30 10:03:46]-[main-DEBUG]-[freemarker.log._Log4jLoggerFactory$Log4jLogger-debug(45)]: TemplateLoader.findTemplateSource("category-view/category-view_en.ftl"): Not found
[2019-10-30 10:03:46]-[main-DEBUG]-[freemarker.log._Log4jLoggerFactory$Log4jLogger-debug(45)]: TemplateLoader.findTemplateSource("category-view/category-view.ftl"): Found
[2019-10-30 10:03:46]-[main-DEBUG]-[freemarker.log._Log4jLoggerFactory$Log4jLogger-debug(45)]: Loading template for "category-view/category-view.ftl"("en", UTF-8, parsed) from "jar:file:/C:/Users/yjq/.m2/repository/com/aventstack/extentreports/3.1.5/extentreports-3.1.5.jar!/com/aventstack/extentreports/view/html-report/category-view/category-view.ftl"
[2019-10-30 10:03:46]-[main-DEBUG]-[freemarker.log._Log4jLoggerFactory$Log4jLogger-debug(45)]: Couldn't find template in cache for "author-view/author-view.ftl"("en", UTF-8, parsed); will try to load it.
[2019-10-30 10:03:46]-[main-DEBUG]-[freemarker.log._Log4jLoggerFactory$Log4jLogger-debug(45)]: TemplateLoader.findTemplateSource("author-view/author-view_en.ftl"): Not found
[2019-10-30 10:03:46]-[main-DEBUG]-[freemarker.log._Log4jLoggerFactory$Log4jLogger-debug(45)]: TemplateLoader.findTemplateSource("author-view/author-view.ftl"): Found
[2019-10-30 10:03:46]-[main-DEBUG]-[freemarker.log._Log4jLoggerFactory$Log4jLogger-debug(45)]: Loading template for "author-view/author-view.ftl"("en", UTF-8, parsed) from "jar:file:/C:/Users/yjq/.m2/repository/com/aventstack/extentreports/3.1.5/extentreports-3.1.5.jar!/com/aventstack/extentreports/view/html-report/author-view/author-view.ftl"
[2019-10-30 10:03:46]-[main-DEBUG]-[freemarker.log._Log4jLoggerFactory$Log4jLogger-debug(45)]: Couldn't find template in cache for "exception-view/exception-view.ftl"("en", UTF-8, parsed); will try to load it.
[2019-10-30 10:03:46]-[main-DEBUG]-[freemarker.log._Log4jLoggerFactory$Log4jLogger-debug(45)]: TemplateLoader.findTemplateSource("exception-view/exception-view_en.ftl"): Not found
[2019-10-30 10:03:46]-[main-DEBUG]-[freemarker.log._Log4jLoggerFactory$Log4jLogger-debug(45)]: TemplateLoader.findTemplateSource("exception-view/exception-view.ftl"): Found
[2019-10-30 10:03:46]-[main-DEBUG]-[freemarker.log._Log4jLoggerFactory$Log4jLogger-debug(45)]: Loading template for "exception-view/exception-view.ftl"("en", UTF-8, parsed) from "jar:file:/C:/Users/yjq/.m2/repository/com/aventstack/extentreports/3.1.5/extentreports-3.1.5.jar!/com/aventstack/extentreports/view/html-report/exception-view/exception-view.ftl"
[2019-10-30 10:03:46]-[main-DEBUG]-[freemarker.log._Log4jLoggerFactory$Log4jLogger-debug(45)]: Couldn't find template in cache for "dashboard-view/dashboard-view.ftl"("en", UTF-8, parsed); will try to load it.
[2019-10-30 10:03:46]-[main-DEBUG]-[freemarker.log._Log4jLoggerFactory$Log4jLogger-debug(45)]: TemplateLoader.findTemplateSource("dashboard-view/dashboard-view_en.ftl"): Not found
[2019-10-30 10:03:46]-[main-DEBUG]-[freemarker.log._Log4jLoggerFactory$Log4jLogger-debug(45)]: TemplateLoader.findTemplateSource("dashboard-view/dashboard-view.ftl"): Found
[2019-10-30 10:03:46]-[main-DEBUG]-[freemarker.log._Log4jLoggerFactory$Log4jLogger-debug(45)]: Loading template for "dashboard-view/dashboard-view.ftl"("en", UTF-8, parsed) from "jar:file:/C:/Users/yjq/.m2/repository/com/aventstack/extentreports/3.1.5/extentreports-3.1.5.jar!/com/aventstack/extentreports/view/html-report/dashboard-view/dashboard-view.ftl"
[2019-10-30 10:03:46]-[main-DEBUG]-[freemarker.log._Log4jLoggerFactory$Log4jLogger-debug(45)]: Couldn't find template in cache for "logs-view/testrunner-logs-view.ftl"("en", UTF-8, parsed); will try to load it.
[2019-10-30 10:03:46]-[main-DEBUG]-[freemarker.log._Log4jLoggerFactory$Log4jLogger-debug(45)]: TemplateLoader.findTemplateSource("logs-view/testrunner-logs-view_en.ftl"): Not found
[2019-10-30 10:03:46]-[main-DEBUG]-[freemarker.log._Log4jLoggerFactory$Log4jLogger-debug(45)]: TemplateLoader.findTemplateSource("logs-view/testrunner-logs-view.ftl"): Found
[2019-10-30 10:03:46]-[main-DEBUG]-[freemarker.log._Log4jLoggerFactory$Log4jLogger-debug(45)]: Loading template for "logs-view/testrunner-logs-view.ftl"("en", UTF-8, parsed) from "jar:file:/C:/Users/yjq/.m2/repository/com/aventstack/extentreports/3.1.5/extentreports-3.1.5.jar!/com/aventstack/extentreports/view/html-report/logs-view/testrunner-logs-view.ftl"
